<?xml version="1.0" encoding="UTF-8"?>
<!-- Generated by org.testng.reporters.JUnitXMLReporter -->
<testsuite hostname="NCRBaseload_W10" name="Test" tests="4" failures="0" timestamp="21 Dec 2021 02:26:12 GMT" time="19.582" errors="0">
  <testcase name="basePagaNavigation" time="4.39" classname="QaAcademy.E2EProject.HomePage"/>
  <testcase name="basePagaNavigation" time="2.996" classname="QaAcademy.E2EProject.HomePage"/>
  <testcase name="navigationBar" time="0.145" classname="QaAcademy.E2EProject.validateNavigationBar"/>
  <testcase name="titleValidator" time="0.059" classname="QaAcademy.E2EProject.validateTitle"/>
</testsuite> <!-- Test -->
