<?xml version="1.0" encoding="UTF-8"?>
<!-- Generated by org.testng.reporters.JUnitXMLReporter -->
<testsuite hostname="NCRBaseload_W10" ignored="0" name="Validating the title" tests="2" failures="1" timestamp="2021-12-31T09:59:31 IST" time="14.885" errors="0">
  <testcase name="headerValidator" time="0.024" classname="QaAcademy.E2EProject.validateTitle">
    <failure type="java.lang.NullPointerException">
      <![CDATA[java.lang.NullPointerException
at QaAcademy.E2EProject.validateTitle.headerValidator(validateTitle.java:46)
at java.util.ArrayList.forEach(ArrayList.java:1259)
at java.util.concurrent.FutureTask.run(FutureTask.java:266)
at java.util.concurrent.ThreadPoolExecutor.runWorker(ThreadPoolExecutor.java:1149)
at java.util.concurrent.ThreadPoolExecutor$Worker.run(ThreadPoolExecutor.java:624)
at java.lang.Thread.run(Thread.java:748)
... Removed 18 stack frames]]>
    </failure>
  </testcase> <!-- headerValidator -->
  <testcase name="titleValidator" time="0.179" classname="QaAcademy.E2EProject.validateTitle"/>
</testsuite> <!-- Validating the title -->
