<?xml version="1.0" encoding="UTF-8"?>
<testng-results skipped="0" failed="1" ignored="0" total="5" passed="4">
  <reporter-output>
  </reporter-output>
  <suite name="Suite" duration-ms="16269" started-at="2021-12-31T09:59:16 IST" finished-at="2021-12-31T09:59:33 IST">
    <groups>
    </groups>
    <test name="Validating the Navigation Bar" duration-ms="10825" started-at="2021-12-31T09:59:16 IST" finished-at="2021-12-31T09:59:27 IST">
      <class name="QaAcademy.E2EProject.validateNavigationBar">
        <test-method status="PASS" signature="initialize()[pri:0, instance:QaAcademy.E2EProject.validateNavigationBar@6b09fb41]" name="initialize" is-config="true" duration-ms="9979" started-at="2021-12-31T09:59:16 IST" finished-at="2021-12-31T09:59:26 IST">
          <reporter-output>
          </reporter-output>
        </test-method> <!-- initialize -->
        <test-method status="PASS" signature="navigationBar()[pri:0, instance:QaAcademy.E2EProject.validateNavigationBar@6b09fb41]" name="navigationBar" duration-ms="294" started-at="2021-12-31T09:59:26 IST" finished-at="2021-12-31T09:59:27 IST">
          <reporter-output>
          </reporter-output>
        </test-method> <!-- navigationBar -->
        <test-method status="PASS" signature="closeBrowser()[pri:0, instance:QaAcademy.E2EProject.validateNavigationBar@6b09fb41]" name="closeBrowser" is-config="true" duration-ms="546" started-at="2021-12-31T09:59:27 IST" finished-at="2021-12-31T09:59:27 IST">
          <reporter-output>
          </reporter-output>
        </test-method> <!-- closeBrowser -->
      </class> <!-- QaAcademy.E2EProject.validateNavigationBar -->
    </test> <!-- Validating the Navigation Bar -->
    <test name="Validating the title" duration-ms="14885" started-at="2021-12-31T09:59:16 IST" finished-at="2021-12-31T09:59:31 IST">
      <class name="QaAcademy.E2EProject.validateTitle">
        <test-method status="PASS" signature="initialize()[pri:0, instance:QaAcademy.E2EProject.validateTitle@34bde49d]" name="initialize" is-config="true" duration-ms="9222" started-at="2021-12-31T09:59:16 IST" finished-at="2021-12-31T09:59:25 IST">
          <reporter-output>
          </reporter-output>
        </test-method> <!-- initialize -->
        <test-method status="FAIL" signature="headerValidator()[pri:0, instance:QaAcademy.E2EProject.validateTitle@34bde49d]" name="headerValidator" duration-ms="24" started-at="2021-12-31T09:59:26 IST" finished-at="2021-12-31T09:59:26 IST">
          <exception class="java.lang.NullPointerException">
            <full-stacktrace>
              <![CDATA[java.lang.NullPointerException
at QaAcademy.E2EProject.validateTitle.headerValidator(validateTitle.java:46)
at sun.reflect.NativeMethodAccessorImpl.invoke0(Native Method)
at sun.reflect.NativeMethodAccessorImpl.invoke(NativeMethodAccessorImpl.java:62)
at sun.reflect.DelegatingMethodAccessorImpl.invoke(DelegatingMethodAccessorImpl.java:43)
at java.lang.reflect.Method.invoke(Method.java:498)
at org.testng.internal.MethodInvocationHelper.invokeMethod(MethodInvocationHelper.java:133)
at org.testng.internal.TestInvoker.invokeMethod(TestInvoker.java:598)
at org.testng.internal.TestInvoker.invokeTestMethod(TestInvoker.java:173)
at org.testng.internal.MethodRunner.runInSequence(MethodRunner.java:46)
at org.testng.internal.TestInvoker$MethodInvocationAgent.invoke(TestInvoker.java:824)
at org.testng.internal.TestInvoker.invokeTestMethods(TestInvoker.java:146)
at org.testng.internal.TestMethodWorker.invokeTestMethods(TestMethodWorker.java:146)
at org.testng.internal.TestMethodWorker.run(TestMethodWorker.java:128)
at java.util.ArrayList.forEach(ArrayList.java:1259)
at org.testng.TestRunner.privateRun(TestRunner.java:794)
at org.testng.TestRunner.run(TestRunner.java:596)
at org.testng.SuiteRunner.runTest(SuiteRunner.java:377)
at org.testng.SuiteRunner.access$000(SuiteRunner.java:28)
at org.testng.SuiteRunner$SuiteWorker.run(SuiteRunner.java:418)
at org.testng.internal.thread.ThreadUtil.lambda$execute$0(ThreadUtil.java:64)
at java.util.concurrent.FutureTask.run(FutureTask.java:266)
at java.util.concurrent.ThreadPoolExecutor.runWorker(ThreadPoolExecutor.java:1149)
at java.util.concurrent.ThreadPoolExecutor$Worker.run(ThreadPoolExecutor.java:624)
at java.lang.Thread.run(Thread.java:748)
]]>
            </full-stacktrace>
          </exception> <!-- java.lang.NullPointerException -->
          <reporter-output>
          </reporter-output>
        </test-method> <!-- headerValidator -->
        <test-method status="PASS" signature="titleValidator()[pri:0, instance:QaAcademy.E2EProject.validateTitle@34bde49d]" name="titleValidator" duration-ms="179" started-at="2021-12-31T09:59:26 IST" finished-at="2021-12-31T09:59:26 IST">
          <reporter-output>
          </reporter-output>
        </test-method> <!-- titleValidator -->
        <test-method status="PASS" signature="closeBrowser()[pri:0, instance:QaAcademy.E2EProject.validateTitle@34bde49d]" name="closeBrowser" is-config="true" duration-ms="4901" started-at="2021-12-31T09:59:26 IST" finished-at="2021-12-31T09:59:31 IST">
          <reporter-output>
          </reporter-output>
        </test-method> <!-- closeBrowser -->
      </class> <!-- QaAcademy.E2EProject.validateTitle -->
    </test> <!-- Validating the title -->
    <test name="Validate Login" duration-ms="16269" started-at="2021-12-31T09:59:16 IST" finished-at="2021-12-31T09:59:33 IST">
      <class name="QaAcademy.E2EProject.HomePage">
        <test-method status="PASS" signature="initialize()[pri:0, instance:QaAcademy.E2EProject.HomePage@48e1f6c7]" name="initialize" is-config="true" duration-ms="5139" started-at="2021-12-31T09:59:16 IST" finished-at="2021-12-31T09:59:21 IST">
          <reporter-output>
          </reporter-output>
        </test-method> <!-- initialize -->
        <test-method status="PASS" signature="basePagaNavigation(java.lang.String,java.lang.String,java.lang.String)[pri:0, instance:QaAcademy.E2EProject.HomePage@48e1f6c7]" name="basePagaNavigation" duration-ms="8057" started-at="2021-12-31T09:59:21 IST" data-provider="getData" finished-at="2021-12-31T09:59:30 IST">
          <params>
            <param index="0">
              <value>
                <![CDATA[restricted@ncr.com]]>
              </value>
            </param>
            <param index="1">
              <value>
                <![CDATA[1234589]]>
              </value>
            </param>
            <param index="2">
              <value>
                <![CDATA[restricted User]]>
              </value>
            </param>
          </params>
          <reporter-output>
          </reporter-output>
        </test-method> <!-- basePagaNavigation -->
        <test-method status="PASS" signature="basePagaNavigation(java.lang.String,java.lang.String,java.lang.String)[pri:0, instance:QaAcademy.E2EProject.HomePage@48e1f6c7]" name="basePagaNavigation" duration-ms="2885" started-at="2021-12-31T09:59:30 IST" data-provider="getData" finished-at="2021-12-31T09:59:32 IST">
          <params>
            <param index="0">
              <value>
                <![CDATA[Non-restricted@ncr.com]]>
              </value>
            </param>
            <param index="1">
              <value>
                <![CDATA[34374]]>
              </value>
            </param>
            <param index="2">
              <value>
                <![CDATA[Nonrestricted User]]>
              </value>
            </param>
          </params>
          <reporter-output>
          </reporter-output>
        </test-method> <!-- basePagaNavigation -->
        <test-method status="PASS" signature="closed()[pri:0, instance:QaAcademy.E2EProject.HomePage@48e1f6c7]" name="closed" is-config="true" duration-ms="108" started-at="2021-12-31T09:59:32 IST" finished-at="2021-12-31T09:59:33 IST">
          <reporter-output>
          </reporter-output>
        </test-method> <!-- closed -->
      </class> <!-- QaAcademy.E2EProject.HomePage -->
    </test> <!-- Validate Login -->
  </suite> <!-- Suite -->
</testng-results>
